<?xml version="1.0" encoding="UTF-8"?>
<!-- Generated by org.testng.reporters.JUnitReportReporter -->
<testsuite hostname="iamPoatan" failures="0" tests="2" name="Runner.Search" time="38.583" errors="0" timestamp="2024-02-29T04:53:04 IST" skipped="0">
  <testcase classname="Runner.Search" name="runScenario" time="16.659"/>
  <system-out/>
  <testcase classname="Runner.Search" name="runScenario" time="21.924"/>
  <system-out/>
</testsuite> <!-- Runner.Search -->
